<package xmlns="http://expath.org/ns/pkg" name="${package-name}" abbrev="${package-abbrev}" version="${project.version}"
	spec="1.0">
	<title>${package-title}</title>
	<dependency package="http://exist-db.org/apps/shared" />
	<dependency package="http://exist-db.org/apps/xsltforms" />
	<author>Adam Retter</author>
	<author id="cteodorescu">Claudius Teodorescu</author>
	<author>Dan McCreary</author>
	<author>Dulip Withanage</author>
	<author>Jens Ã˜stergaard Petersen</author>
	<author>Wolfgang Meier</author>
	<website>${project.url}</website>
	<license>GNU-LGPL</license>
	<copyright>true</copyright>
	<type>application</type>
	<target>tamboti</target>
	<permissions user="editor" password="editor" group="biblio.users" mode="0444" />
	<status>stable</status>
	<prepare>pre-install.xql</prepare>
	<tag>tamboti</tag>
	<tag>${package-type}</tag>
	<tag>exist</tag>
	<category id="libs">Libraries</category>
	<category id="exist">eXist extensions</category>
	<fileSets>
		<fileSet>
			<directory>${basedir}</directory>
			<outputDirectory>/</outputDirectory>
			<excludes>
				<exclude>build/</exclude>
				<exclude>target/</exclude>
				<exclude>build.xml</exclude>
				<exclude>expath-pkg.xml</exclude>
				<exclude>expath-pkg.xml.tmpl</exclude>
				<exclude>local.properties</exclude>
				<exclude>repo.xml</exclude>
				<exclude>pom.xml</exclude>
				<exclude>themes/tamboti/pages/page.html</exclude>
			</excludes>
		</fileSet>
		<fileSet>
			<directory>${project.build.directory}/maven-replacer-plugin</directory>
			<outputDirectory>/themes/tamboti/pages</outputDirectory>
			<includes>
				<include>page.html</include>
			</includes>
		</fileSet>		
	</fileSets>
</package>
